{"/Users/davidgray/Workspace/pet-project/AlbumManager/albumManagerAPI/db.js": {"path":"/Users/davidgray/Workspace/pet-project/AlbumManager/albumManagerAPI/db.js","statementMap":{"0":{"start":{"line":3,"column":15},"end":{"line":10,"column":1}},"1":{"start":{"line":11,"column":25},"end":{"line":11,"column":61}},"2":{"start":{"line":12,"column":18},"end":{"line":12,"column":38}},"3":{"start":{"line":13,"column":11},"end":{"line":13,"column":69}},"4":{"start":{"line":15,"column":0},"end":{"line":15,"column":20}}},"fnMap":{},"branchMap":{},"s":{"0":1,"1":1,"2":1,"3":1,"4":1},"f":{},"b":{},"_coverageSchema":"43e27e138ebf9cfc5966b082cf9a028302ed4184","hash":"3d05308f1aa8c4481a26451d4b9a1beb3b44ef06"}
,"/Users/davidgray/Workspace/pet-project/AlbumManager/albumManagerAPI/api/controlers/users/users.contoller.js": {"path":"/Users/davidgray/Workspace/pet-project/AlbumManager/albumManagerAPI/api/controlers/users/users.contoller.js","statementMap":{"0":{"start":{"line":3,"column":13},"end":{"line":3,"column":44}},"1":{"start":{"line":4,"column":15},"end":{"line":4,"column":34}},"2":{"start":{"line":5,"column":12},"end":{"line":5,"column":35}},"3":{"start":{"line":10,"column":8},"end":{"line":14,"column":11}},"4":{"start":{"line":18,"column":8},"end":{"line":18,"column":36}},"5":{"start":{"line":22,"column":8},"end":{"line":31,"column":10}},"6":{"start":{"line":23,"column":12},"end":{"line":30,"column":13}},"7":{"start":{"line":24,"column":16},"end":{"line":26,"column":18}},"8":{"start":{"line":29,"column":16},"end":{"line":29,"column":23}},"9":{"start":{"line":35,"column":8},"end":{"line":51,"column":15}},"10":{"start":{"line":37,"column":30},"end":{"line":37,"column":44}},"11":{"start":{"line":38,"column":32},"end":{"line":38,"column":55}},"12":{"start":{"line":40,"column":16},"end":{"line":50,"column":23}},"13":{"start":{"line":42,"column":24},"end":{"line":44,"column":27}},"14":{"start":{"line":47,"column":24},"end":{"line":49,"column":26}},"15":{"start":{"line":55,"column":8},"end":{"line":68,"column":14}},"16":{"start":{"line":56,"column":16},"end":{"line":64,"column":17}},"17":{"start":{"line":57,"column":20},"end":{"line":57,"column":47}},"18":{"start":{"line":59,"column":41},"end":{"line":62,"column":21}},"19":{"start":{"line":63,"column":20},"end":{"line":63,"column":72}},"20":{"start":{"line":67,"column":16},"end":{"line":67,"column":32}},"21":{"start":{"line":72,"column":8},"end":{"line":88,"column":11}},"22":{"start":{"line":73,"column":12},"end":{"line":75,"column":13}},"23":{"start":{"line":74,"column":16},"end":{"line":74,"column":43}},"24":{"start":{"line":76,"column":12},"end":{"line":87,"column":13}},"25":{"start":{"line":77,"column":30},"end":{"line":81,"column":17}},"26":{"start":{"line":83,"column":16},"end":{"line":86,"column":19}},"27":{"start":{"line":92,"column":8},"end":{"line":94,"column":11}},"28":{"start":{"line":98,"column":8},"end":{"line":98,"column":43}},"29":{"start":{"line":103,"column":0},"end":{"line":103,"column":32}}},"fnMap":{"0":{"name":"(anonymous_0)","decl":{"start":{"line":9,"column":4},"end":{"line":9,"column":5}},"loc":{"start":{"line":9,"column":26},"end":{"line":15,"column":5}},"line":9},"1":{"name":"(anonymous_1)","decl":{"start":{"line":17,"column":4},"end":{"line":17,"column":5}},"loc":{"start":{"line":17,"column":21},"end":{"line":19,"column":5}},"line":17},"2":{"name":"(anonymous_2)","decl":{"start":{"line":21,"column":4},"end":{"line":21,"column":5}},"loc":{"start":{"line":21,"column":36},"end":{"line":32,"column":5}},"line":21},"3":{"name":"(anonymous_3)","decl":{"start":{"line":22,"column":49},"end":{"line":22,"column":50}},"loc":{"start":{"line":22,"column":57},"end":{"line":31,"column":9}},"line":22},"4":{"name":"(anonymous_4)","decl":{"start":{"line":34,"column":4},"end":{"line":34,"column":5}},"loc":{"start":{"line":34,"column":28},"end":{"line":52,"column":5}},"line":34},"5":{"name":"(anonymous_5)","decl":{"start":{"line":36,"column":18},"end":{"line":36,"column":19}},"loc":{"start":{"line":36,"column":28},"end":{"line":51,"column":13}},"line":36},"6":{"name":"(anonymous_6)","decl":{"start":{"line":41,"column":26},"end":{"line":41,"column":27}},"loc":{"start":{"line":41,"column":32},"end":{"line":45,"column":21}},"line":41},"7":{"name":"(anonymous_7)","decl":{"start":{"line":46,"column":27},"end":{"line":46,"column":28}},"loc":{"start":{"line":46,"column":34},"end":{"line":50,"column":21}},"line":46},"8":{"name":"(anonymous_8)","decl":{"start":{"line":54,"column":4},"end":{"line":54,"column":5}},"loc":{"start":{"line":54,"column":20},"end":{"line":69,"column":5}},"line":54},"9":{"name":"(anonymous_9)","decl":{"start":{"line":55,"column":49},"end":{"line":55,"column":50}},"loc":{"start":{"line":55,"column":57},"end":{"line":65,"column":13}},"line":55},"10":{"name":"(anonymous_10)","decl":{"start":{"line":66,"column":19},"end":{"line":66,"column":20}},"loc":{"start":{"line":67,"column":16},"end":{"line":67,"column":32}},"line":67},"11":{"name":"(anonymous_11)","decl":{"start":{"line":71,"column":4},"end":{"line":71,"column":5}},"loc":{"start":{"line":71,"column":51},"end":{"line":89,"column":5}},"line":71},"12":{"name":"(anonymous_12)","decl":{"start":{"line":72,"column":87},"end":{"line":72,"column":88}},"loc":{"start":{"line":72,"column":104},"end":{"line":88,"column":9}},"line":72},"13":{"name":"(anonymous_13)","decl":{"start":{"line":91,"column":4},"end":{"line":91,"column":5}},"loc":{"start":{"line":91,"column":26},"end":{"line":95,"column":5}},"line":91},"14":{"name":"(anonymous_14)","decl":{"start":{"line":97,"column":4},"end":{"line":97,"column":5}},"loc":{"start":{"line":97,"column":33},"end":{"line":99,"column":5}},"line":97}},"branchMap":{"0":{"loc":{"start":{"line":23,"column":12},"end":{"line":30,"column":13}},"type":"if","locations":[{"start":{"line":23,"column":12},"end":{"line":30,"column":13}},{"start":{"line":23,"column":12},"end":{"line":30,"column":13}}],"line":23},"1":{"loc":{"start":{"line":56,"column":16},"end":{"line":64,"column":17}},"type":"if","locations":[{"start":{"line":56,"column":16},"end":{"line":64,"column":17}},{"start":{"line":56,"column":16},"end":{"line":64,"column":17}}],"line":56},"2":{"loc":{"start":{"line":73,"column":12},"end":{"line":75,"column":13}},"type":"if","locations":[{"start":{"line":73,"column":12},"end":{"line":75,"column":13}},{"start":{"line":73,"column":12},"end":{"line":75,"column":13}}],"line":73},"3":{"loc":{"start":{"line":76,"column":12},"end":{"line":87,"column":13}},"type":"if","locations":[{"start":{"line":76,"column":12},"end":{"line":87,"column":13}},{"start":{"line":76,"column":12},"end":{"line":87,"column":13}}],"line":76}},"s":{"0":1,"1":1,"2":1,"3":0,"4":0,"5":0,"6":0,"7":0,"8":0,"9":0,"10":0,"11":0,"12":0,"13":0,"14":0,"15":0,"16":0,"17":0,"18":0,"19":0,"20":0,"21":0,"22":0,"23":0,"24":0,"25":0,"26":0,"27":1,"28":1,"29":1},"f":{"0":0,"1":0,"2":0,"3":0,"4":0,"5":0,"6":0,"7":0,"8":0,"9":0,"10":0,"11":0,"12":0,"13":1,"14":1},"b":{"0":[0,0],"1":[0,0],"2":[0,0],"3":[0,0]},"_coverageSchema":"43e27e138ebf9cfc5966b082cf9a028302ed4184","hash":"ef5668cb1651c684d38b49a081ba286b8bc2fcc8"}
,"/Users/davidgray/Workspace/pet-project/AlbumManager/albumManagerAPI/models/User.js": {"path":"/Users/davidgray/Workspace/pet-project/AlbumManager/albumManagerAPI/models/User.js","statementMap":{"0":{"start":{"line":3,"column":18},"end":{"line":3,"column":38}},"1":{"start":{"line":4,"column":11},"end":{"line":4,"column":27}},"2":{"start":{"line":6,"column":13},"end":{"line":25,"column":2}},"3":{"start":{"line":27,"column":0},"end":{"line":27,"column":22}}},"fnMap":{},"branchMap":{},"s":{"0":1,"1":1,"2":1,"3":1},"f":{},"b":{},"_coverageSchema":"43e27e138ebf9cfc5966b082cf9a028302ed4184","hash":"d4a77478145cae7f60f55050e0afb3e05f8a0e98"}
}
